# JRE version: OpenJDK Runtime Environment (8.0_242-b01) (build 1.8.0_242-release-1644-b01)
# Java VM: OpenJDK 64-Bit Server VM (25.242-b01 mixed mode windows-amd64 compressed oops)
Heap:
 PSYoungGen      total 127488K, used 26831K [0x00000000d5580000, 0x00000000df380000, 0x0000000100000000)
  eden space 110080K, 11% used [0x00000000d5580000,0x00000000d615e568,0x00000000dc100000)
  from space 17408K, 84% used [0x00000000dc100000,0x00000000dcf559a0,0x00000000dd200000)
  to   space 18432K, 0% used [0x00000000de180000,0x00000000de180000,0x00000000df380000)
 ParOldGen       total 210432K, used 34152K [0x0000000080000000, 0x000000008cd80000, 0x00000000d5580000)
  object space 210432K, 16% used [0x0000000080000000,0x000000008215a2c8,0x000000008cd80000)
 Metaspace       used 68571K, capacity 71660K, committed 71856K, reserved 1112064K
  class space    used 9428K, capacity 10055K, committed 10160K, reserved 1048576K
GC Heap History (10 events):
Event: 12.572 GC heap before
{Heap before GC invocations=12 (full 2):
 PSYoungGen      total 93696K, used 93539K [0x00000000d5580000, 0x00000000dd100000, 0x0000000100000000)
  eden space 84480K, 100% used [0x00000000d5580000,0x00000000da800000,0x00000000da800000)
  from space 9216K, 98% used [0x00000000dc000000,0x00000000dc8d8d90,0x00000000dc900000)
  to   space 8192K, 0% used [0x00000000dc900000,0x00000000dc900000,0x00000000dd100000)
 ParOldGen       total 133632K, used 14815K [0x0000000080000000, 0x0000000088280000, 0x00000000d5580000)
  object space 133632K, 11% used [0x0000000080000000,0x0000000080e77cb0,0x0000000088280000)
 Metaspace       used 49509K, capacity 51326K, committed 51632K, reserved 1093632K
  class space    used 6607K, capacity 7014K, committed 7088K, reserved 1048576K
Event: 12.585 GC heap after
Heap after GC invocations=12 (full 2):
 PSYoungGen      total 104448K, used 8180K [0x00000000d5580000, 0x00000000dd100000, 0x0000000100000000)
  eden space 96256K, 0% used [0x00000000d5580000,0x00000000d5580000,0x00000000db380000)
  from space 8192K, 99% used [0x00000000dc900000,0x00000000dd0fd300,0x00000000dd100000)
  to   space 14848K, 0% used [0x00000000db400000,0x00000000db400000,0x00000000dc280000)
 ParOldGen       total 133632K, used 24029K [0x0000000080000000, 0x0000000088280000, 0x00000000d5580000)
  object space 133632K, 17% used [0x0000000080000000,0x0000000081777550,0x0000000088280000)
 Metaspace       used 49509K, capacity 51326K, committed 51632K, reserved 1093632K
  class space    used 6607K, capacity 7014K, committed 7088K, reserved 1048576K
}
Event: 13.142 GC heap before
{Heap before GC invocations=13 (full 2):
 PSYoungGen      total 104448K, used 87529K [0x00000000d5580000, 0x00000000dd100000, 0x0000000100000000)
  eden space 96256K, 82% used [0x00000000d5580000,0x00000000da2fd428,0x00000000db380000)
  from space 8192K, 99% used [0x00000000dc900000,0x00000000dd0fd300,0x00000000dd100000)
  to   space 14848K, 0% used [0x00000000db400000,0x00000000db400000,0x00000000dc280000)
 ParOldGen       total 133632K, used 24029K [0x0000000080000000, 0x0000000088280000, 0x00000000d5580000)
  object space 133632K, 17% used [0x0000000080000000,0x0000000081777550,0x0000000088280000)
 Metaspace       used 56859K, capacity 59070K, committed 59160K, reserved 1099776K
  class space    used 7625K, capacity 8105K, committed 8112K, reserved 1048576K
Event: 13.151 GC heap after
Heap after GC invocations=13 (full 2):
 PSYoungGen      total 111616K, used 14820K [0x00000000d5580000, 0x00000000de500000, 0x0000000100000000)
  eden space 96768K, 0% used [0x00000000d5580000,0x00000000d5580000,0x00000000db400000)
  from space 14848K, 99% used [0x00000000db400000,0x00000000dc279210,0x00000000dc280000)
  to   space 17920K, 0% used [0x00000000dd380000,0x00000000dd380000,0x00000000de500000)
 ParOldGen       total 133632K, used 27498K [0x0000000080000000, 0x0000000088280000, 0x00000000d5580000)
  object space 133632K, 20% used [0x0000000080000000,0x0000000081ada848,0x0000000088280000)
 Metaspace       used 56859K, capacity 59070K, committed 59160K, reserved 1099776K
  class space    used 7625K, capacity 8105K, committed 8112K, reserved 1048576K
}
Event: 13.151 GC heap before
{Heap before GC invocations=14 (full 3):
 PSYoungGen      total 111616K, used 14820K [0x00000000d5580000, 0x00000000de500000, 0x0000000100000000)
  eden space 96768K, 0% used [0x00000000d5580000,0x00000000d5580000,0x00000000db400000)
  from space 14848K, 99% used [0x00000000db400000,0x00000000dc279210,0x00000000dc280000)
  to   space 17920K, 0% used [0x00000000dd380000,0x00000000dd380000,0x00000000de500000)
 ParOldGen       total 133632K, used 27498K [0x0000000080000000, 0x0000000088280000, 0x00000000d5580000)
  object space 133632K, 20% used [0x0000000080000000,0x0000000081ada848,0x0000000088280000)
 Metaspace       used 56859K, capacity 59070K, committed 59160K, reserved 1099776K
  class space    used 7625K, capacity 8105K, committed 8112K, reserved 1048576K
Event: 13.303 GC heap after
Heap after GC invocations=14 (full 3):
 PSYoungGen      total 111616K, used 0K [0x00000000d5580000, 0x00000000de500000, 0x0000000100000000)
  eden space 96768K, 0% used [0x00000000d5580000,0x00000000d5580000,0x00000000db400000)
  from space 14848K, 0% used [0x00000000db400000,0x00000000db400000,0x00000000dc280000)
  to   space 17920K, 0% used [0x00000000dd380000,0x00000000dd380000,0x00000000de500000)
 ParOldGen       total 210432K, used 34136K [0x0000000080000000, 0x000000008cd80000, 0x00000000d5580000)
  object space 210432K, 16% used [0x0000000080000000,0x00000000821562c8,0x000000008cd80000)
 Metaspace       used 56775K, capacity 58814K, committed 59160K, reserved 1099776K
  class space    used 7603K, capacity 8069K, committed 8112K, reserved 1048576K
}
Event: 14.041 GC heap before
{Heap before GC invocations=15 (full 3):
 PSYoungGen      total 111616K, used 96768K [0x00000000d5580000, 0x00000000de500000, 0x0000000100000000)
  eden space 96768K, 100% used [0x00000000d5580000,0x00000000db400000,0x00000000db400000)
  from space 14848K, 0% used [0x00000000db400000,0x00000000db400000,0x00000000dc280000)
  to   space 17920K, 0% used [0x00000000dd380000,0x00000000dd380000,0x00000000de500000)
 ParOldGen       total 210432K, used 34136K [0x0000000080000000, 0x000000008cd80000, 0x00000000d5580000)
  object space 210432K, 16% used [0x0000000080000000,0x00000000821562c8,0x000000008cd80000)
 Metaspace       used 61233K, capacity 63418K, committed 63792K, reserved 1103872K
  class space    used 8250K, capacity 8690K, committed 8752K, reserved 1048576K
Event: 14.046 GC heap after
Heap after GC invocations=15 (full 3):
 PSYoungGen      total 125952K, used 7180K [0x00000000d5580000, 0x00000000de300000, 0x0000000100000000)
  eden space 110080K, 0% used [0x00000000d5580000,0x00000000d5580000,0x00000000dc100000)
  from space 15872K, 45% used [0x00000000dd380000,0x00000000dda83040,0x00000000de300000)
  to   space 17408K, 0% used [0x00000000dc100000,0x00000000dc100000,0x00000000dd200000)
 ParOldGen       total 210432K, used 34144K [0x0000000080000000, 0x000000008cd80000, 0x00000000d5580000)
  object space 210432K, 16% used [0x0000000080000000,0x00000000821582c8,0x000000008cd80000)
 Metaspace       used 61233K, capacity 63418K, committed 63792K, reserved 1103872K
  class space    used 8250K, capacity 8690K, committed 8752K, reserved 1048576K
}
Event: 14.847 GC heap before
{Heap before GC invocations=16 (full 3):
 PSYoungGen      total 125952K, used 117260K [0x00000000d5580000, 0x00000000de300000, 0x0000000100000000)
  eden space 110080K, 100% used [0x00000000d5580000,0x00000000dc100000,0x00000000dc100000)
  from space 15872K, 45% used [0x00000000dd380000,0x00000000dda83040,0x00000000de300000)
  to   space 17408K, 0% used [0x00000000dc100000,0x00000000dc100000,0x00000000dd200000)
 ParOldGen       total 210432K, used 34144K [0x0000000080000000, 0x000000008cd80000, 0x00000000d5580000)
  object space 210432K, 16% used [0x0000000080000000,0x00000000821582c8,0x000000008cd80000)
 Metaspace       used 68026K, capacity 70578K, committed 70832K, reserved 1110016K
  class space    used 9288K, capacity 9808K, committed 9904K, reserved 1048576K
Event: 14.854 GC heap after
Heap after GC invocations=16 (full 3):
 PSYoungGen      total 127488K, used 14678K [0x00000000d5580000, 0x00000000df380000, 0x0000000100000000)
  eden space 110080K, 0% used [0x00000000d5580000,0x00000000d5580000,0x00000000dc100000)
  from space 17408K, 84% used [0x00000000dc100000,0x00000000dcf559a0,0x00000000dd200000)
  to   space 18432K, 0% used [0x00000000de180000,0x00000000de180000,0x00000000df380000)
 ParOldGen       total 210432K, used 34152K [0x0000000080000000, 0x000000008cd80000, 0x00000000d5580000)
  object space 210432K, 16% used [0x0000000080000000,0x000000008215a2c8,0x000000008cd80000)
 Metaspace       used 68026K, capacity 70578K, committed 70832K, reserved 1110016K
  class space    used 9288K, capacity 9808K, committed 9904K, reserved 1048576K
}

